2021-06-03 09:07:08.696  INFO 18357 --- [main] c.s.important_info.Important_Info        : Starting Important_Info on rhetts-Mac-Pro-3.local with PID 18357 (/Users/rhettherring/IdeaProjects/important_info/target/classes started by rhettherring in /Users/rhettherring/IdeaProjects/important_info)
2021-06-03 09:07:08.701  INFO 18357 --- [main] c.s.important_info.Important_Info        : The following profiles are active: dev
2021-06-03 09:07:10.200  INFO 18357 --- [main] .s.d.r.c.RepositoryConfigurationDelegate : Bootstrapping Spring Data JPA repositories in DEFAULT mode.
2021-06-03 09:07:10.768  INFO 18357 --- [main] .s.d.r.c.RepositoryConfigurationDelegate : Finished Spring Data repository scanning in 559ms. Found 21 JPA repository interfaces.
2021-06-03 09:07:12.798  INFO 18357 --- [main] trationDelegate$BeanPostProcessorChecker : Bean 'org.springframework.transaction.annotation.ProxyTransactionManagementConfiguration' of type [org.springframework.transaction.annotation.ProxyTransactionManagementConfiguration] is not eligible for getting processed by all BeanPostProcessors (for example: not eligible for auto-proxying)
2021-06-03 09:07:13.280  INFO 18357 --- [main] o.s.b.w.embedded.tomcat.TomcatWebServer  : Tomcat initialized with port(s): 8080 (http)
2021-06-03 09:07:13.291  INFO 18357 --- [main] o.apache.catalina.core.StandardService   : Starting service [Tomcat]
2021-06-03 09:07:13.291  INFO 18357 --- [main] org.apache.catalina.core.StandardEngine  : Starting Servlet engine: [Apache Tomcat/9.0.29]
2021-06-03 09:07:14.265  INFO 18357 --- [main] o.a.c.c.C.[Tomcat].[localhost].[/]       : Initializing Spring embedded WebApplicationContext
2021-06-03 09:07:14.265  INFO 18357 --- [main] o.s.web.context.ContextLoader            : Root WebApplicationContext: initialization completed in 5512 ms
2021-06-03 09:07:14.846  INFO 18357 --- [main] o.hibernate.jpa.internal.util.LogHelper  : HHH000204: Processing PersistenceUnitInfo [name: default]
2021-06-03 09:07:14.898  INFO 18357 --- [main] org.hibernate.Version                    : HHH000412: Hibernate ORM core version 5.4.32.Final
2021-06-03 09:07:15.046  INFO 18357 --- [main] o.hibernate.annotations.common.Version   : HCANN000001: Hibernate Commons Annotations {5.1.2.Final}
2021-06-03 09:07:16.948  INFO 18357 --- [main] com.zaxxer.hikari.HikariDataSource       : HikariPool-1 - Starting...
2021-06-03 09:07:17.021  INFO 18357 --- [main] com.zaxxer.hikari.HikariDataSource       : HikariPool-1 - Start completed.
2021-06-03 09:07:17.036  INFO 18357 --- [main] org.hibernate.dialect.Dialect            : HHH000400: Using dialect: org.hibernate.dialect.PostgreSQLDialect
2021-06-03 09:07:20.183  INFO 18357 --- [main] o.h.e.t.j.p.i.JtaPlatformInitiator       : HHH000490: Using JtaPlatform implementation: [org.hibernate.engine.transaction.jta.platform.internal.NoJtaPlatform]
2021-06-03 09:07:20.336  INFO 18357 --- [main] j.LocalContainerEntityManagerFactoryBean : Initialized JPA EntityManagerFactory for persistence unit 'default'
2021-06-03 09:07:22.188  INFO 18357 --- [main] o.s.s.web.DefaultSecurityFilterChain     : Creating filter chain: any request, [org.springframework.security.web.context.request.async.WebAsyncManagerIntegrationFilter@1e5b33e5, org.springframework.security.web.context.SecurityContextPersistenceFilter@78e043e4, org.springframework.security.web.header.HeaderWriterFilter@6ac9b66b, org.springframework.security.web.authentication.logout.LogoutFilter@cf08c97, org.springframework.security.web.authentication.UsernamePasswordAuthenticationFilter@7c69e1e1, org.springframework.security.web.savedrequest.RequestCacheAwareFilter@738a39cc, org.springframework.security.web.servletapi.SecurityContextHolderAwareRequestFilter@38e46765, org.springframework.security.web.authentication.AnonymousAuthenticationFilter@654b899f, org.springframework.security.web.session.SessionManagementFilter@71262020, org.springframework.security.web.access.ExceptionTranslationFilter@25421809, org.springframework.security.web.access.intercept.FilterSecurityInterceptor@2acb1264]
2021-06-03 09:07:22.779  INFO 18357 --- [main] o.s.s.concurrent.ThreadPoolTaskExecutor  : Initializing ExecutorService 'applicationTaskExecutor'
2021-06-03 09:07:22.866  INFO 18357 --- [main] o.s.b.a.w.s.WelcomePageHandlerMapping    : Adding welcome page template: index
2021-06-03 09:07:23.577  INFO 18357 --- [main] o.s.b.w.embedded.tomcat.TomcatWebServer  : Tomcat started on port(s): 8080 (http) with context path ''
2021-06-03 09:07:23.619  INFO 18357 --- [main] c.s.important_info.Important_Info        : Started Important_Info in 15.893 seconds (JVM running for 19.25)
2021-06-03 09:07:31.597  INFO 18357 --- [http-nio-8080-exec-1] o.a.c.c.C.[Tomcat].[localhost].[/]       : Initializing Spring DispatcherServlet 'dispatcherServlet'
2021-06-03 09:07:31.597  INFO 18357 --- [http-nio-8080-exec-1] o.s.web.servlet.DispatcherServlet        : Initializing Servlet 'dispatcherServlet'
2021-06-03 09:07:31.604  INFO 18357 --- [http-nio-8080-exec-1] o.s.web.servlet.DispatcherServlet        : Completed initialization in 7 ms
2021-06-03 09:16:18.141  INFO 18357 --- [SpringContextShutdownHook] o.s.s.concurrent.ThreadPoolTaskExecutor  : Shutting down ExecutorService 'applicationTaskExecutor'
2021-06-03 09:16:18.148  INFO 18357 --- [SpringContextShutdownHook] j.LocalContainerEntityManagerFactoryBean : Closing JPA EntityManagerFactory for persistence unit 'default'
2021-06-03 09:16:18.150  INFO 18357 --- [SpringContextShutdownHook] com.zaxxer.hikari.HikariDataSource       : HikariPool-1 - Shutdown initiated...
2021-06-03 09:16:18.154  INFO 18357 --- [SpringContextShutdownHook] com.zaxxer.hikari.HikariDataSource       : HikariPool-1 - Shutdown completed.
2021-06-03 09:16:22.283  INFO 18557 --- [main] c.s.important_info.Important_Info        : Starting Important_Info on rhetts-Mac-Pro-3.local with PID 18557 (/Users/rhettherring/IdeaProjects/important_info/target/classes started by rhettherring in /Users/rhettherring/IdeaProjects/important_info)
2021-06-03 09:16:22.286  INFO 18557 --- [main] c.s.important_info.Important_Info        : The following profiles are active: dev
2021-06-03 09:16:23.117  INFO 18557 --- [main] .s.d.r.c.RepositoryConfigurationDelegate : Bootstrapping Spring Data JPA repositories in DEFAULT mode.
2021-06-03 09:16:23.229  INFO 18557 --- [main] .s.d.r.c.RepositoryConfigurationDelegate : Finished Spring Data repository scanning in 106ms. Found 21 JPA repository interfaces.
2021-06-03 09:16:23.683  INFO 18557 --- [main] trationDelegate$BeanPostProcessorChecker : Bean 'org.springframework.transaction.annotation.ProxyTransactionManagementConfiguration' of type [org.springframework.transaction.annotation.ProxyTransactionManagementConfiguration] is not eligible for getting processed by all BeanPostProcessors (for example: not eligible for auto-proxying)
2021-06-03 09:16:24.053  INFO 18557 --- [main] o.s.b.w.embedded.tomcat.TomcatWebServer  : Tomcat initialized with port(s): 8080 (http)
2021-06-03 09:16:24.060  INFO 18557 --- [main] o.apache.catalina.core.StandardService   : Starting service [Tomcat]
2021-06-03 09:16:24.060  INFO 18557 --- [main] org.apache.catalina.core.StandardEngine  : Starting Servlet engine: [Apache Tomcat/9.0.29]
2021-06-03 09:16:24.158  INFO 18557 --- [main] o.a.c.c.C.[Tomcat].[localhost].[/]       : Initializing Spring embedded WebApplicationContext
2021-06-03 09:16:24.219  INFO 18557 --- [main] o.s.web.context.ContextLoader            : Root WebApplicationContext: initialization completed in 1889 ms
2021-06-03 09:16:24.549  INFO 18557 --- [main] o.hibernate.jpa.internal.util.LogHelper  : HHH000204: Processing PersistenceUnitInfo [name: default]
2021-06-03 09:16:24.586  INFO 18557 --- [main] org.hibernate.Version                    : HHH000412: Hibernate ORM core version 5.4.32.Final
2021-06-03 09:16:24.688  INFO 18557 --- [main] o.hibernate.annotations.common.Version   : HCANN000001: Hibernate Commons Annotations {5.1.2.Final}
2021-06-03 09:16:24.857  INFO 18557 --- [main] com.zaxxer.hikari.HikariDataSource       : HikariPool-1 - Starting...
2021-06-03 09:16:24.977  INFO 18557 --- [main] com.zaxxer.hikari.HikariDataSource       : HikariPool-1 - Start completed.
2021-06-03 09:16:24.989  INFO 18557 --- [main] org.hibernate.dialect.Dialect            : HHH000400: Using dialect: org.hibernate.dialect.PostgreSQLDialect
2021-06-03 09:16:26.461  INFO 18557 --- [main] o.h.e.t.j.p.i.JtaPlatformInitiator       : HHH000490: Using JtaPlatform implementation: [org.hibernate.engine.transaction.jta.platform.internal.NoJtaPlatform]
2021-06-03 09:16:26.469  INFO 18557 --- [main] j.LocalContainerEntityManagerFactoryBean : Initialized JPA EntityManagerFactory for persistence unit 'default'
2021-06-03 09:16:27.401  INFO 18557 --- [main] o.s.s.web.DefaultSecurityFilterChain     : Creating filter chain: any request, [org.springframework.security.web.context.request.async.WebAsyncManagerIntegrationFilter@5788722f, org.springframework.security.web.context.SecurityContextPersistenceFilter@71262020, org.springframework.security.web.header.HeaderWriterFilter@25421809, org.springframework.security.web.authentication.logout.LogoutFilter@be616f0, org.springframework.security.web.authentication.UsernamePasswordAuthenticationFilter@5df7a065, org.springframework.security.web.savedrequest.RequestCacheAwareFilter@78e043e4, org.springframework.security.web.servletapi.SecurityContextHolderAwareRequestFilter@5891b7c5, org.springframework.security.web.authentication.AnonymousAuthenticationFilter@7a730479, org.springframework.security.web.session.SessionManagementFilter@6ac9b66b, org.springframework.security.web.access.ExceptionTranslationFilter@43ab0659, org.springframework.security.web.access.intercept.FilterSecurityInterceptor@3ca278bc]
2021-06-03 09:16:27.562  INFO 18557 --- [main] o.s.s.concurrent.ThreadPoolTaskExecutor  : Initializing ExecutorService 'applicationTaskExecutor'
2021-06-03 09:16:27.636  INFO 18557 --- [main] o.s.b.a.w.s.WelcomePageHandlerMapping    : Adding welcome page template: index
2021-06-03 09:16:27.788  INFO 18557 --- [main] o.s.b.w.embedded.tomcat.TomcatWebServer  : Tomcat started on port(s): 8080 (http) with context path ''
2021-06-03 09:16:27.790  INFO 18557 --- [main] c.s.important_info.Important_Info        : Started Important_Info in 6.148 seconds (JVM running for 7.014)
2021-06-03 09:19:03.776  INFO 18557 --- [SpringContextShutdownHook] o.s.s.concurrent.ThreadPoolTaskExecutor  : Shutting down ExecutorService 'applicationTaskExecutor'
2021-06-03 09:19:03.817  INFO 18557 --- [SpringContextShutdownHook] j.LocalContainerEntityManagerFactoryBean : Closing JPA EntityManagerFactory for persistence unit 'default'
2021-06-03 09:19:03.819  INFO 18557 --- [SpringContextShutdownHook] com.zaxxer.hikari.HikariDataSource       : HikariPool-1 - Shutdown initiated...
2021-06-03 09:19:03.821  INFO 18557 --- [SpringContextShutdownHook] com.zaxxer.hikari.HikariDataSource       : HikariPool-1 - Shutdown completed.
2021-06-03 09:19:07.978  INFO 18617 --- [main] c.s.important_info.Important_Info        : Starting Important_Info on rhetts-Mac-Pro-3.local with PID 18617 (/Users/rhettherring/IdeaProjects/important_info/target/classes started by rhettherring in /Users/rhettherring/IdeaProjects/important_info)
2021-06-03 09:19:07.981  INFO 18617 --- [main] c.s.important_info.Important_Info        : The following profiles are active: dev
2021-06-03 09:19:08.806  INFO 18617 --- [main] .s.d.r.c.RepositoryConfigurationDelegate : Bootstrapping Spring Data JPA repositories in DEFAULT mode.
2021-06-03 09:19:08.925  INFO 18617 --- [main] .s.d.r.c.RepositoryConfigurationDelegate : Finished Spring Data repository scanning in 112ms. Found 21 JPA repository interfaces.
2021-06-03 09:19:09.302  INFO 18617 --- [main] trationDelegate$BeanPostProcessorChecker : Bean 'org.springframework.transaction.annotation.ProxyTransactionManagementConfiguration' of type [org.springframework.transaction.annotation.ProxyTransactionManagementConfiguration] is not eligible for getting processed by all BeanPostProcessors (for example: not eligible for auto-proxying)
2021-06-03 09:19:09.489  INFO 18617 --- [main] o.s.b.w.embedded.tomcat.TomcatWebServer  : Tomcat initialized with port(s): 8080 (http)
2021-06-03 09:19:09.496  INFO 18617 --- [main] o.apache.catalina.core.StandardService   : Starting service [Tomcat]
2021-06-03 09:19:09.496  INFO 18617 --- [main] org.apache.catalina.core.StandardEngine  : Starting Servlet engine: [Apache Tomcat/9.0.29]
2021-06-03 09:19:09.711  INFO 18617 --- [main] o.a.c.c.C.[Tomcat].[localhost].[/]       : Initializing Spring embedded WebApplicationContext
2021-06-03 09:19:09.711  INFO 18617 --- [main] o.s.web.context.ContextLoader            : Root WebApplicationContext: initialization completed in 1688 ms
2021-06-03 09:19:09.914  INFO 18617 --- [main] o.hibernate.jpa.internal.util.LogHelper  : HHH000204: Processing PersistenceUnitInfo [name: default]
2021-06-03 09:19:09.953  INFO 18617 --- [main] org.hibernate.Version                    : HHH000412: Hibernate ORM core version 5.4.32.Final
2021-06-03 09:19:10.052  INFO 18617 --- [main] o.hibernate.annotations.common.Version   : HCANN000001: Hibernate Commons Annotations {5.1.2.Final}
2021-06-03 09:19:10.246  INFO 18617 --- [main] com.zaxxer.hikari.HikariDataSource       : HikariPool-1 - Starting...
2021-06-03 09:19:10.307  INFO 18617 --- [main] com.zaxxer.hikari.HikariDataSource       : HikariPool-1 - Start completed.
2021-06-03 09:19:10.320  INFO 18617 --- [main] org.hibernate.dialect.Dialect            : HHH000400: Using dialect: org.hibernate.dialect.PostgreSQLDialect
2021-06-03 09:19:11.663  INFO 18617 --- [main] o.h.e.t.j.p.i.JtaPlatformInitiator       : HHH000490: Using JtaPlatform implementation: [org.hibernate.engine.transaction.jta.platform.internal.NoJtaPlatform]
2021-06-03 09:19:11.671  INFO 18617 --- [main] j.LocalContainerEntityManagerFactoryBean : Initialized JPA EntityManagerFactory for persistence unit 'default'
2021-06-03 09:19:12.640  INFO 18617 --- [main] o.s.s.web.DefaultSecurityFilterChain     : Creating filter chain: any request, [org.springframework.security.web.context.request.async.WebAsyncManagerIntegrationFilter@287ad0da, org.springframework.security.web.context.SecurityContextPersistenceFilter@40738846, org.springframework.security.web.header.HeaderWriterFilter@738a39cc, org.springframework.security.web.authentication.logout.LogoutFilter@1d622556, org.springframework.security.web.authentication.UsernamePasswordAuthenticationFilter@7a730479, org.springframework.security.web.savedrequest.RequestCacheAwareFilter@1686ed85, org.springframework.security.web.servletapi.SecurityContextHolderAwareRequestFilter@32c0fecc, org.springframework.security.web.authentication.AnonymousAuthenticationFilter@1b19712f, org.springframework.security.web.session.SessionManagementFilter@38e7860c, org.springframework.security.web.access.ExceptionTranslationFilter@78e043e4, org.springframework.security.web.access.intercept.FilterSecurityInterceptor@5df7a065]
2021-06-03 09:19:12.817  INFO 18617 --- [main] o.s.s.concurrent.ThreadPoolTaskExecutor  : Initializing ExecutorService 'applicationTaskExecutor'
2021-06-03 09:19:12.898  INFO 18617 --- [main] o.s.b.a.w.s.WelcomePageHandlerMapping    : Adding welcome page template: index
2021-06-03 09:19:13.057  INFO 18617 --- [main] o.s.b.w.embedded.tomcat.TomcatWebServer  : Tomcat started on port(s): 8080 (http) with context path ''
2021-06-03 09:19:13.060  INFO 18617 --- [main] c.s.important_info.Important_Info        : Started Important_Info in 5.555 seconds (JVM running for 6.671)
2021-06-03 09:21:08.569  INFO 18617 --- [SpringContextShutdownHook] o.s.s.concurrent.ThreadPoolTaskExecutor  : Shutting down ExecutorService 'applicationTaskExecutor'
2021-06-03 09:21:08.576  INFO 18617 --- [SpringContextShutdownHook] j.LocalContainerEntityManagerFactoryBean : Closing JPA EntityManagerFactory for persistence unit 'default'
2021-06-03 09:21:08.578  INFO 18617 --- [SpringContextShutdownHook] com.zaxxer.hikari.HikariDataSource       : HikariPool-1 - Shutdown initiated...
2021-06-03 09:21:08.581  INFO 18617 --- [SpringContextShutdownHook] com.zaxxer.hikari.HikariDataSource       : HikariPool-1 - Shutdown completed.
2021-06-03 09:21:11.826  INFO 18666 --- [main] c.s.important_info.Important_Info        : Starting Important_Info on rhetts-Mac-Pro-3.local with PID 18666 (/Users/rhettherring/IdeaProjects/important_info/target/classes started by rhettherring in /Users/rhettherring/IdeaProjects/important_info)
2021-06-03 09:21:11.829  INFO 18666 --- [main] c.s.important_info.Important_Info        : The following profiles are active: dev
2021-06-03 09:21:12.533  INFO 18666 --- [main] .s.d.r.c.RepositoryConfigurationDelegate : Bootstrapping Spring Data JPA repositories in DEFAULT mode.
2021-06-03 09:21:12.653  INFO 18666 --- [main] .s.d.r.c.RepositoryConfigurationDelegate : Finished Spring Data repository scanning in 113ms. Found 21 JPA repository interfaces.
2021-06-03 09:21:12.974  INFO 18666 --- [main] trationDelegate$BeanPostProcessorChecker : Bean 'org.springframework.transaction.annotation.ProxyTransactionManagementConfiguration' of type [org.springframework.transaction.annotation.ProxyTransactionManagementConfiguration] is not eligible for getting processed by all BeanPostProcessors (for example: not eligible for auto-proxying)
2021-06-03 09:21:13.148  INFO 18666 --- [main] o.s.b.w.embedded.tomcat.TomcatWebServer  : Tomcat initialized with port(s): 8080 (http)
2021-06-03 09:21:13.155  INFO 18666 --- [main] o.apache.catalina.core.StandardService   : Starting service [Tomcat]
2021-06-03 09:21:13.156  INFO 18666 --- [main] org.apache.catalina.core.StandardEngine  : Starting Servlet engine: [Apache Tomcat/9.0.29]
2021-06-03 09:21:13.315  INFO 18666 --- [main] o.a.c.c.C.[Tomcat].[localhost].[/]       : Initializing Spring embedded WebApplicationContext
2021-06-03 09:21:13.315  INFO 18666 --- [main] o.s.web.context.ContextLoader            : Root WebApplicationContext: initialization completed in 1443 ms
2021-06-03 09:21:13.514  INFO 18666 --- [main] o.hibernate.jpa.internal.util.LogHelper  : HHH000204: Processing PersistenceUnitInfo [name: default]
2021-06-03 09:21:13.552  INFO 18666 --- [main] org.hibernate.Version                    : HHH000412: Hibernate ORM core version 5.4.32.Final
2021-06-03 09:21:13.650  INFO 18666 --- [main] o.hibernate.annotations.common.Version   : HCANN000001: Hibernate Commons Annotations {5.1.2.Final}
2021-06-03 09:21:13.808  INFO 18666 --- [main] com.zaxxer.hikari.HikariDataSource       : HikariPool-1 - Starting...
2021-06-03 09:21:13.865  INFO 18666 --- [main] com.zaxxer.hikari.HikariDataSource       : HikariPool-1 - Start completed.
2021-06-03 09:21:13.877  INFO 18666 --- [main] org.hibernate.dialect.Dialect            : HHH000400: Using dialect: org.hibernate.dialect.PostgreSQLDialect
2021-06-03 09:21:15.220  INFO 18666 --- [main] o.h.e.t.j.p.i.JtaPlatformInitiator       : HHH000490: Using JtaPlatform implementation: [org.hibernate.engine.transaction.jta.platform.internal.NoJtaPlatform]
2021-06-03 09:21:15.228  INFO 18666 --- [main] j.LocalContainerEntityManagerFactoryBean : Initialized JPA EntityManagerFactory for persistence unit 'default'
2021-06-03 09:21:16.126  INFO 18666 --- [main] o.s.s.web.DefaultSecurityFilterChain     : Creating filter chain: any request, [org.springframework.security.web.context.request.async.WebAsyncManagerIntegrationFilter@6d35ff7b, org.springframework.security.web.context.SecurityContextPersistenceFilter@192f5f39, org.springframework.security.web.header.HeaderWriterFilter@1686ed85, org.springframework.security.web.authentication.logout.LogoutFilter@12be4f83, org.springframework.security.web.authentication.UsernamePasswordAuthenticationFilter@6dc9a56e, org.springframework.security.web.savedrequest.RequestCacheAwareFilter@2965dd88, org.springframework.security.web.servletapi.SecurityContextHolderAwareRequestFilter@1f5d7fd5, org.springframework.security.web.authentication.AnonymousAuthenticationFilter@4ef31221, org.springframework.security.web.session.SessionManagementFilter@4fc3529, org.springframework.security.web.access.ExceptionTranslationFilter@40738846, org.springframework.security.web.access.intercept.FilterSecurityInterceptor@39b85a73]
2021-06-03 09:21:16.284  INFO 18666 --- [main] o.s.s.concurrent.ThreadPoolTaskExecutor  : Initializing ExecutorService 'applicationTaskExecutor'
2021-06-03 09:21:16.357  INFO 18666 --- [main] o.s.b.a.w.s.WelcomePageHandlerMapping    : Adding welcome page template: index
2021-06-03 09:21:16.525  INFO 18666 --- [main] o.s.b.w.embedded.tomcat.TomcatWebServer  : Tomcat started on port(s): 8080 (http) with context path ''
2021-06-03 09:21:16.527  INFO 18666 --- [main] c.s.important_info.Important_Info        : Started Important_Info in 5.03 seconds (JVM running for 5.843)
2021-06-03 09:21:18.660  INFO 18666 --- [SpringContextShutdownHook] o.s.s.concurrent.ThreadPoolTaskExecutor  : Shutting down ExecutorService 'applicationTaskExecutor'
2021-06-03 09:21:18.667  INFO 18666 --- [SpringContextShutdownHook] j.LocalContainerEntityManagerFactoryBean : Closing JPA EntityManagerFactory for persistence unit 'default'
2021-06-03 09:21:18.669  INFO 18666 --- [SpringContextShutdownHook] com.zaxxer.hikari.HikariDataSource       : HikariPool-1 - Shutdown initiated...
2021-06-03 09:21:18.671  INFO 18666 --- [SpringContextShutdownHook] com.zaxxer.hikari.HikariDataSource       : HikariPool-1 - Shutdown completed.
2021-06-03 09:26:30.815  INFO 18816 --- [main] c.s.important_info.Important_Info        : Starting Important_Info on rhetts-Mac-Pro-3.local with PID 18816 (/Users/rhettherring/IdeaProjects/important_info/target/classes started by rhettherring in /Users/rhettherring/IdeaProjects/important_info)
2021-06-03 09:26:30.817  INFO 18816 --- [main] c.s.important_info.Important_Info        : The following profiles are active: dev
2021-06-03 09:26:33.489  INFO 18816 --- [main] o.s.web.context.ContextLoader            : Root WebApplicationContext: initialization completed in 2621 ms
2021-06-03 09:26:39.726  INFO 18816 --- [main] c.s.important_info.Important_Info        : Started Important_Info in 9.319 seconds (JVM running for 10.864)
2021-06-03 09:27:02.108  INFO 18816 --- [http-nio-8080-exec-1] o.s.web.servlet.DispatcherServlet        : Initializing Servlet 'dispatcherServlet'
2021-06-03 09:27:02.115  INFO 18816 --- [http-nio-8080-exec-1] o.s.web.servlet.DispatcherServlet        : Completed initialization in 7 ms
2021-06-03 09:28:26.360  INFO 18849 --- [main] c.s.important_info.Important_Info        : Starting Important_Info on rhetts-Mac-Pro-3.local with PID 18849 (/Users/rhettherring/IdeaProjects/important_info/target/classes started by rhettherring in /Users/rhettherring/IdeaProjects/important_info)
2021-06-03 09:28:26.373  INFO 18849 --- [main] c.s.important_info.Important_Info        : The following profiles are active: dev
2021-06-03 09:28:27.058  INFO 18849 --- [main] .s.d.r.c.RepositoryConfigurationDelegate : Bootstrapping Spring Data JPA repositories in DEFAULT mode.
2021-06-03 09:28:27.300  INFO 18849 --- [main] .s.d.r.c.RepositoryConfigurationDelegate : Finished Spring Data repository scanning in 156ms. Found 21 JPA repository interfaces.
2021-06-03 09:28:27.582  INFO 18849 --- [main] trationDelegate$BeanPostProcessorChecker : Bean 'org.springframework.transaction.annotation.ProxyTransactionManagementConfiguration' of type [org.springframework.transaction.annotation.ProxyTransactionManagementConfiguration] is not eligible for getting processed by all BeanPostProcessors (for example: not eligible for auto-proxying)
2021-06-03 09:28:27.767  INFO 18849 --- [main] o.s.b.w.embedded.tomcat.TomcatWebServer  : Tomcat initialized with port(s): 8080 (http)
2021-06-03 09:28:27.882  INFO 18849 --- [main] o.s.web.context.ContextLoader            : Root WebApplicationContext: initialization completed in 1466 ms
2021-06-03 09:28:29.648  INFO 18849 --- [main] j.LocalContainerEntityManagerFactoryBean : Initialized JPA EntityManagerFactory for persistence unit 'default'
2021-06-03 09:28:30.659  INFO 18849 --- [main] o.s.s.concurrent.ThreadPoolTaskExecutor  : Initializing ExecutorService 'applicationTaskExecutor'
2021-06-03 09:28:30.730  INFO 18849 --- [main] o.s.b.a.w.s.WelcomePageHandlerMapping    : Adding welcome page template: index
2021-06-03 09:28:30.880  INFO 18849 --- [main] o.s.b.w.embedded.tomcat.TomcatWebServer  : Tomcat started on port(s): 8080 (http) with context path ''
2021-06-03 09:28:30.883  INFO 18849 --- [main] c.s.important_info.Important_Info        : Started Important_Info in 4.86 seconds (JVM running for 5.58)
2021-06-03 09:59:27.996  INFO 18849 --- [http-nio-8080-exec-1] o.s.web.servlet.DispatcherServlet        : Initializing Servlet 'dispatcherServlet'
2021-06-03 09:59:28.004  INFO 18849 --- [http-nio-8080-exec-1] o.s.web.servlet.DispatcherServlet        : Completed initialization in 7 ms
2021-06-03 10:07:07.420  INFO 19272 --- [main] c.s.important_info.Important_Info        : Starting Important_Info on rhetts-Mac-Pro-3.local with PID 19272 (/Users/rhettherring/IdeaProjects/important_info/target/classes started by rhettherring in /Users/rhettherring/IdeaProjects/important_info)
2021-06-03 10:07:07.422  INFO 19272 --- [main] c.s.important_info.Important_Info        : The following profiles are active: dev
2021-06-03 10:07:08.120  INFO 19272 --- [main] .s.d.r.c.RepositoryConfigurationDelegate : Bootstrapping Spring Data JPA repositories in DEFAULT mode.
2021-06-03 10:07:08.247  INFO 19272 --- [main] .s.d.r.c.RepositoryConfigurationDelegate : Finished Spring Data repository scanning in 120ms. Found 21 JPA repository interfaces.
2021-06-03 10:07:08.526  INFO 19272 --- [main] trationDelegate$BeanPostProcessorChecker : Bean 'org.springframework.transaction.annotation.ProxyTransactionManagementConfiguration' of type [org.springframework.transaction.annotation.ProxyTransactionManagementConfiguration] is not eligible for getting processed by all BeanPostProcessors (for example: not eligible for auto-proxying)
2021-06-03 10:07:08.723  INFO 19272 --- [main] o.s.b.w.embedded.tomcat.TomcatWebServer  : Tomcat initialized with port(s): 8080 (http)
2021-06-03 10:07:08.843  INFO 19272 --- [main] o.s.web.context.ContextLoader            : Root WebApplicationContext: initialization completed in 1376 ms
2021-06-03 10:07:10.748  INFO 19272 --- [main] j.LocalContainerEntityManagerFactoryBean : Initialized JPA EntityManagerFactory for persistence unit 'default'
2021-06-03 10:07:11.926  INFO 19272 --- [main] o.s.s.concurrent.ThreadPoolTaskExecutor  : Initializing ExecutorService 'applicationTaskExecutor'
2021-06-03 10:07:12.004  INFO 19272 --- [main] o.s.b.a.w.s.WelcomePageHandlerMapping    : Adding welcome page template: index
2021-06-03 10:07:12.166  INFO 19272 --- [main] o.s.b.w.embedded.tomcat.TomcatWebServer  : Tomcat started on port(s): 8080 (http) with context path ''
2021-06-03 10:07:12.168  INFO 19272 --- [main] c.s.important_info.Important_Info        : Started Important_Info in 5.079 seconds (JVM running for 6.113)
2021-06-03 10:08:07.306  INFO 19296 --- [main] c.s.important_info.Important_Info        : Starting Important_Info on rhetts-Mac-Pro-3.local with PID 19296 (/Users/rhettherring/IdeaProjects/important_info/target/classes started by rhettherring in /Users/rhettherring/IdeaProjects/important_info)
2021-06-03 10:08:07.309  INFO 19296 --- [main] c.s.important_info.Important_Info        : The following profiles are active: dev
2021-06-03 10:08:08.020  INFO 19296 --- [main] .s.d.r.c.RepositoryConfigurationDelegate : Bootstrapping Spring Data JPA repositories in DEFAULT mode.
2021-06-03 10:08:08.158  INFO 19296 --- [main] .s.d.r.c.RepositoryConfigurationDelegate : Finished Spring Data repository scanning in 131ms. Found 21 JPA repository interfaces.
2021-06-03 10:08:08.459  INFO 19296 --- [main] trationDelegate$BeanPostProcessorChecker : Bean 'org.springframework.transaction.annotation.ProxyTransactionManagementConfiguration' of type [org.springframework.transaction.annotation.ProxyTransactionManagementConfiguration] is not eligible for getting processed by all BeanPostProcessors (for example: not eligible for auto-proxying)
2021-06-03 10:08:08.662  INFO 19296 --- [main] o.s.b.w.embedded.tomcat.TomcatWebServer  : Tomcat initialized with port(s): 8080 (http)
2021-06-03 10:08:08.786  INFO 19296 --- [main] o.s.web.context.ContextLoader            : Root WebApplicationContext: initialization completed in 1416 ms
2021-06-03 10:08:10.708  INFO 19296 --- [main] j.LocalContainerEntityManagerFactoryBean : Initialized JPA EntityManagerFactory for persistence unit 'default'
2021-06-03 10:08:11.956  INFO 19296 --- [main] o.s.s.concurrent.ThreadPoolTaskExecutor  : Initializing ExecutorService 'applicationTaskExecutor'
2021-06-03 10:08:12.044  INFO 19296 --- [main] o.s.b.a.w.s.WelcomePageHandlerMapping    : Adding welcome page template: index
2021-06-03 10:08:12.223  INFO 19296 --- [main] o.s.b.w.embedded.tomcat.TomcatWebServer  : Tomcat started on port(s): 8080 (http) with context path ''
2021-06-03 10:08:12.226  INFO 19296 --- [main] c.s.important_info.Important_Info        : Started Important_Info in 5.346 seconds (JVM running for 6.083)
2021-06-03 10:15:49.978  INFO 19399 --- [main] c.s.important_info.Important_Info        : Starting Important_Info on rhetts-Mac-Pro-3.local with PID 19399 (/Users/rhettherring/IdeaProjects/important_info/target/classes started by rhettherring in /Users/rhettherring/IdeaProjects/important_info)
2021-06-03 10:15:49.981  INFO 19399 --- [main] c.s.important_info.Important_Info        : The following profiles are active: dev
2021-06-03 10:15:50.693  INFO 19399 --- [main] .s.d.r.c.RepositoryConfigurationDelegate : Bootstrapping Spring Data JPA repositories in DEFAULT mode.
2021-06-03 10:15:50.820  INFO 19399 --- [main] .s.d.r.c.RepositoryConfigurationDelegate : Finished Spring Data repository scanning in 120ms. Found 21 JPA repository interfaces.
2021-06-03 10:15:51.119  INFO 19399 --- [main] trationDelegate$BeanPostProcessorChecker : Bean 'org.springframework.transaction.annotation.ProxyTransactionManagementConfiguration' of type [org.springframework.transaction.annotation.ProxyTransactionManagementConfiguration] is not eligible for getting processed by all BeanPostProcessors (for example: not eligible for auto-proxying)
2021-06-03 10:15:51.320  INFO 19399 --- [main] o.s.b.w.embedded.tomcat.TomcatWebServer  : Tomcat initialized with port(s): 8080 (http)
2021-06-03 10:15:51.437  INFO 19399 --- [main] o.s.web.context.ContextLoader            : Root WebApplicationContext: initialization completed in 1411 ms
2021-06-03 10:15:53.340  INFO 19399 --- [main] j.LocalContainerEntityManagerFactoryBean : Initialized JPA EntityManagerFactory for persistence unit 'default'
2021-06-03 10:15:54.380  INFO 19399 --- [main] o.s.s.concurrent.ThreadPoolTaskExecutor  : Initializing ExecutorService 'applicationTaskExecutor'
2021-06-03 10:15:54.457  INFO 19399 --- [main] o.s.b.a.w.s.WelcomePageHandlerMapping    : Adding welcome page template: index
2021-06-03 10:15:54.615  INFO 19399 --- [main] o.s.b.w.embedded.tomcat.TomcatWebServer  : Tomcat started on port(s): 8080 (http) with context path ''
2021-06-03 10:15:54.617  INFO 19399 --- [main] c.s.important_info.Important_Info        : Started Important_Info in 4.97 seconds (JVM running for 5.908)
2021-06-03 10:18:00.124  INFO 19399 --- [http-nio-8080-exec-1] o.s.web.servlet.DispatcherServlet        : Initializing Servlet 'dispatcherServlet'
2021-06-03 10:18:00.130  INFO 19399 --- [http-nio-8080-exec-1] o.s.web.servlet.DispatcherServlet        : Completed initialization in 6 ms
2021-06-03 10:37:56.319  INFO 19705 --- [main] c.s.important_info.Important_Info        : Starting Important_Info on rhetts-Mac-Pro-3.local with PID 19705 (/Users/rhettherring/IdeaProjects/important_info/target/classes started by rhettherring in /Users/rhettherring/IdeaProjects/important_info)
2021-06-03 10:37:56.322  INFO 19705 --- [main] c.s.important_info.Important_Info        : The following profiles are active: dev
2021-06-03 10:37:57.149  INFO 19705 --- [main] .s.d.r.c.RepositoryConfigurationDelegate : Bootstrapping Spring Data JPA repositories in DEFAULT mode.
2021-06-03 10:37:57.282  INFO 19705 --- [main] .s.d.r.c.RepositoryConfigurationDelegate : Finished Spring Data repository scanning in 126ms. Found 21 JPA repository interfaces.
2021-06-03 10:37:57.593  INFO 19705 --- [main] trationDelegate$BeanPostProcessorChecker : Bean 'org.springframework.transaction.annotation.ProxyTransactionManagementConfiguration' of type [org.springframework.transaction.annotation.ProxyTransactionManagementConfiguration] is not eligible for getting processed by all BeanPostProcessors (for example: not eligible for auto-proxying)
2021-06-03 10:37:57.809  INFO 19705 --- [main] o.s.b.w.embedded.tomcat.TomcatWebServer  : Tomcat initialized with port(s): 8080 (http)
2021-06-03 10:37:57.932  INFO 19705 --- [main] o.s.web.context.ContextLoader            : Root WebApplicationContext: initialization completed in 1551 ms
2021-06-03 10:37:59.913  INFO 19705 --- [main] j.LocalContainerEntityManagerFactoryBean : Initialized JPA EntityManagerFactory for persistence unit 'default'
2021-06-03 10:38:00.957  INFO 19705 --- [main] o.s.s.concurrent.ThreadPoolTaskExecutor  : Initializing ExecutorService 'applicationTaskExecutor'
2021-06-03 10:38:01.030  INFO 19705 --- [main] o.s.b.a.w.s.WelcomePageHandlerMapping    : Adding welcome page template: index
2021-06-03 10:38:01.183  INFO 19705 --- [main] o.s.b.w.embedded.tomcat.TomcatWebServer  : Tomcat started on port(s): 8080 (http) with context path ''
2021-06-03 10:38:01.185  INFO 19705 --- [main] c.s.important_info.Important_Info        : Started Important_Info in 5.271 seconds (JVM running for 6.499)
2021-06-03 10:38:10.963  INFO 19705 --- [http-nio-8080-exec-1] o.s.web.servlet.DispatcherServlet        : Initializing Servlet 'dispatcherServlet'
2021-06-03 10:38:10.970  INFO 19705 --- [http-nio-8080-exec-1] o.s.web.servlet.DispatcherServlet        : Completed initialization in 7 ms
2021-06-03 10:43:11.334  INFO 19785 --- [main] c.s.important_info.Important_Info        : Starting Important_Info on rhetts-Mac-Pro-3.local with PID 19785 (/Users/rhettherring/IdeaProjects/important_info/target/classes started by rhettherring in /Users/rhettherring/IdeaProjects/important_info)
2021-06-03 10:43:11.339  INFO 19785 --- [main] c.s.important_info.Important_Info        : The following profiles are active: dev
2021-06-03 10:43:12.278  INFO 19785 --- [main] .s.d.r.c.RepositoryConfigurationDelegate : Bootstrapping Spring Data JPA repositories in DEFAULT mode.
2021-06-03 10:43:12.424  INFO 19785 --- [main] .s.d.r.c.RepositoryConfigurationDelegate : Finished Spring Data repository scanning in 138ms. Found 21 JPA repository interfaces.
2021-06-03 10:43:12.783  INFO 19785 --- [main] trationDelegate$BeanPostProcessorChecker : Bean 'org.springframework.transaction.annotation.ProxyTransactionManagementConfiguration' of type [org.springframework.transaction.annotation.ProxyTransactionManagementConfiguration] is not eligible for getting processed by all BeanPostProcessors (for example: not eligible for auto-proxying)
2021-06-03 10:43:12.999  INFO 19785 --- [main] o.s.b.w.embedded.tomcat.TomcatWebServer  : Tomcat initialized with port(s): 8080 (http)
2021-06-03 10:43:13.130  INFO 19785 --- [main] o.s.web.context.ContextLoader            : Root WebApplicationContext: initialization completed in 1712 ms
2021-06-03 10:43:15.220  INFO 19785 --- [main] j.LocalContainerEntityManagerFactoryBean : Initialized JPA EntityManagerFactory for persistence unit 'default'
2021-06-03 10:43:16.408  INFO 19785 --- [main] o.s.s.concurrent.ThreadPoolTaskExecutor  : Initializing ExecutorService 'applicationTaskExecutor'
2021-06-03 10:43:16.493  INFO 19785 --- [main] o.s.b.a.w.s.WelcomePageHandlerMapping    : Adding welcome page template: index
2021-06-03 10:43:16.658  INFO 19785 --- [main] o.s.b.w.embedded.tomcat.TomcatWebServer  : Tomcat started on port(s): 8080 (http) with context path ''
2021-06-03 10:43:16.661  INFO 19785 --- [main] c.s.important_info.Important_Info        : Started Important_Info in 5.763 seconds (JVM running for 6.703)
2021-06-03 10:43:16.763  INFO 19785 --- [http-nio-8080-exec-1] o.s.web.servlet.DispatcherServlet        : Initializing Servlet 'dispatcherServlet'
2021-06-03 10:43:16.770  INFO 19785 --- [http-nio-8080-exec-1] o.s.web.servlet.DispatcherServlet        : Completed initialization in 7 ms
2021-06-03 10:45:30.378  INFO 19849 --- [main] c.s.important_info.Important_Info        : Starting Important_Info on rhetts-Mac-Pro-3.local with PID 19849 (/Users/rhettherring/IdeaProjects/important_info/target/classes started by rhettherring in /Users/rhettherring/IdeaProjects/important_info)
2021-06-03 10:45:30.381  INFO 19849 --- [main] c.s.important_info.Important_Info        : The following profiles are active: dev
2021-06-03 10:45:31.101  INFO 19849 --- [main] .s.d.r.c.RepositoryConfigurationDelegate : Bootstrapping Spring Data JPA repositories in DEFAULT mode.
2021-06-03 10:45:31.219  INFO 19849 --- [main] .s.d.r.c.RepositoryConfigurationDelegate : Finished Spring Data repository scanning in 111ms. Found 21 JPA repository interfaces.
2021-06-03 10:45:31.516  INFO 19849 --- [main] trationDelegate$BeanPostProcessorChecker : Bean 'org.springframework.transaction.annotation.ProxyTransactionManagementConfiguration' of type [org.springframework.transaction.annotation.ProxyTransactionManagementConfiguration] is not eligible for getting processed by all BeanPostProcessors (for example: not eligible for auto-proxying)
2021-06-03 10:45:31.713  INFO 19849 --- [main] o.s.b.w.embedded.tomcat.TomcatWebServer  : Tomcat initialized with port(s): 8080 (http)
2021-06-03 10:45:31.840  INFO 19849 --- [main] o.s.web.context.ContextLoader            : Root WebApplicationContext: initialization completed in 1410 ms
2021-06-03 10:45:33.761  INFO 19849 --- [main] j.LocalContainerEntityManagerFactoryBean : Initialized JPA EntityManagerFactory for persistence unit 'default'
2021-06-03 10:45:34.786  INFO 19849 --- [main] o.s.s.concurrent.ThreadPoolTaskExecutor  : Initializing ExecutorService 'applicationTaskExecutor'
2021-06-03 10:45:34.860  INFO 19849 --- [main] o.s.b.a.w.s.WelcomePageHandlerMapping    : Adding welcome page template: index
2021-06-03 10:45:35.019  INFO 19849 --- [main] o.s.b.w.embedded.tomcat.TomcatWebServer  : Tomcat started on port(s): 8080 (http) with context path ''
2021-06-03 10:45:35.022  INFO 19849 --- [main] c.s.important_info.Important_Info        : Started Important_Info in 5.06 seconds (JVM running for 6.34)
2021-06-03 10:45:37.393  INFO 19849 --- [http-nio-8080-exec-1] o.s.web.servlet.DispatcherServlet        : Initializing Servlet 'dispatcherServlet'
2021-06-03 10:45:37.399  INFO 19849 --- [http-nio-8080-exec-1] o.s.web.servlet.DispatcherServlet        : Completed initialization in 6 ms
2021-06-03 10:49:06.874  INFO 19904 --- [main] c.s.important_info.Important_Info        : Starting Important_Info on rhetts-Mac-Pro-3.local with PID 19904 (/Users/rhettherring/IdeaProjects/important_info/target/classes started by rhettherring in /Users/rhettherring/IdeaProjects/important_info)
2021-06-03 10:49:06.877  INFO 19904 --- [main] c.s.important_info.Important_Info        : The following profiles are active: dev
2021-06-03 10:49:07.528  INFO 19904 --- [main] .s.d.r.c.RepositoryConfigurationDelegate : Bootstrapping Spring Data JPA repositories in DEFAULT mode.
2021-06-03 10:49:07.640  INFO 19904 --- [main] .s.d.r.c.RepositoryConfigurationDelegate : Finished Spring Data repository scanning in 105ms. Found 21 JPA repository interfaces.
2021-06-03 10:49:07.904  INFO 19904 --- [main] trationDelegate$BeanPostProcessorChecker : Bean 'org.springframework.transaction.annotation.ProxyTransactionManagementConfiguration' of type [org.springframework.transaction.annotation.ProxyTransactionManagementConfiguration] is not eligible for getting processed by all BeanPostProcessors (for example: not eligible for auto-proxying)
2021-06-03 10:49:08.090  INFO 19904 --- [main] o.s.b.w.embedded.tomcat.TomcatWebServer  : Tomcat initialized with port(s): 8080 (http)
2021-06-03 10:49:08.208  INFO 19904 --- [main] o.s.web.context.ContextLoader            : Root WebApplicationContext: initialization completed in 1283 ms
2021-06-03 10:49:09.959  INFO 19904 --- [main] j.LocalContainerEntityManagerFactoryBean : Initialized JPA EntityManagerFactory for persistence unit 'default'
2021-06-03 10:49:10.958  INFO 19904 --- [main] o.s.s.concurrent.ThreadPoolTaskExecutor  : Initializing ExecutorService 'applicationTaskExecutor'
2021-06-03 10:49:11.032  INFO 19904 --- [main] o.s.b.a.w.s.WelcomePageHandlerMapping    : Adding welcome page template: index
2021-06-03 10:49:11.177  INFO 19904 --- [main] o.s.b.w.embedded.tomcat.TomcatWebServer  : Tomcat started on port(s): 8080 (http) with context path ''
2021-06-03 10:49:11.180  INFO 19904 --- [main] c.s.important_info.Important_Info        : Started Important_Info in 4.602 seconds (JVM running for 5.651)
2021-06-03 10:49:18.118  INFO 19904 --- [http-nio-8080-exec-1] o.s.web.servlet.DispatcherServlet        : Initializing Servlet 'dispatcherServlet'
2021-06-03 10:49:18.125  INFO 19904 --- [http-nio-8080-exec-1] o.s.web.servlet.DispatcherServlet        : Completed initialization in 6 ms
2021-06-03 10:52:45.342  INFO 19968 --- [main] c.s.important_info.Important_Info        : Starting Important_Info on rhetts-Mac-Pro-3.local with PID 19968 (/Users/rhettherring/IdeaProjects/important_info/target/classes started by rhettherring in /Users/rhettherring/IdeaProjects/important_info)
2021-06-03 10:52:45.345  INFO 19968 --- [main] c.s.important_info.Important_Info        : The following profiles are active: dev
2021-06-03 10:52:46.004  INFO 19968 --- [main] .s.d.r.c.RepositoryConfigurationDelegate : Bootstrapping Spring Data JPA repositories in DEFAULT mode.
2021-06-03 10:52:46.111  INFO 19968 --- [main] .s.d.r.c.RepositoryConfigurationDelegate : Finished Spring Data repository scanning in 101ms. Found 21 JPA repository interfaces.
2021-06-03 10:52:46.370  INFO 19968 --- [main] trationDelegate$BeanPostProcessorChecker : Bean 'org.springframework.transaction.annotation.ProxyTransactionManagementConfiguration' of type [org.springframework.transaction.annotation.ProxyTransactionManagementConfiguration] is not eligible for getting processed by all BeanPostProcessors (for example: not eligible for auto-proxying)
2021-06-03 10:52:46.553  INFO 19968 --- [main] o.s.b.w.embedded.tomcat.TomcatWebServer  : Tomcat initialized with port(s): 8080 (http)
2021-06-03 10:52:46.667  INFO 19968 --- [main] o.s.web.context.ContextLoader            : Root WebApplicationContext: initialization completed in 1274 ms
2021-06-03 10:52:48.454  INFO 19968 --- [main] j.LocalContainerEntityManagerFactoryBean : Initialized JPA EntityManagerFactory for persistence unit 'default'
2021-06-03 10:52:49.424  INFO 19968 --- [main] o.s.s.concurrent.ThreadPoolTaskExecutor  : Initializing ExecutorService 'applicationTaskExecutor'
2021-06-03 10:52:49.494  INFO 19968 --- [main] o.s.b.a.w.s.WelcomePageHandlerMapping    : Adding welcome page template: index
2021-06-03 10:52:49.643  INFO 19968 --- [main] o.s.b.w.embedded.tomcat.TomcatWebServer  : Tomcat started on port(s): 8080 (http) with context path ''
2021-06-03 10:52:49.645  INFO 19968 --- [main] c.s.important_info.Important_Info        : Started Important_Info in 4.618 seconds (JVM running for 5.493)
2021-06-03 10:52:56.538  INFO 19968 --- [http-nio-8080-exec-1] o.s.web.servlet.DispatcherServlet        : Initializing Servlet 'dispatcherServlet'
2021-06-03 10:52:56.544  INFO 19968 --- [http-nio-8080-exec-1] o.s.web.servlet.DispatcherServlet        : Completed initialization in 5 ms
2021-06-03 11:28:12.813  INFO 20571 --- [main] c.s.important_info.Important_Info        : Starting Important_Info on rhetts-Mac-Pro-3.local with PID 20571 (/Users/rhettherring/IdeaProjects/important_info/target/classes started by rhettherring in /Users/rhettherring/IdeaProjects/important_info)
2021-06-03 11:28:12.817  INFO 20571 --- [main] c.s.important_info.Important_Info        : The following profiles are active: dev
2021-06-03 11:28:13.509  INFO 20571 --- [main] .s.d.r.c.RepositoryConfigurationDelegate : Bootstrapping Spring Data JPA repositories in DEFAULT mode.
2021-06-03 11:28:13.627  INFO 20571 --- [main] .s.d.r.c.RepositoryConfigurationDelegate : Finished Spring Data repository scanning in 110ms. Found 21 JPA repository interfaces.
2021-06-03 11:28:13.923  INFO 20571 --- [main] trationDelegate$BeanPostProcessorChecker : Bean 'org.springframework.transaction.annotation.ProxyTransactionManagementConfiguration' of type [org.springframework.transaction.annotation.ProxyTransactionManagementConfiguration] is not eligible for getting processed by all BeanPostProcessors (for example: not eligible for auto-proxying)
2021-06-03 11:28:14.120  INFO 20571 --- [main] o.s.b.w.embedded.tomcat.TomcatWebServer  : Tomcat initialized with port(s): 8080 (http)
2021-06-03 11:28:14.244  INFO 20571 --- [main] o.s.web.context.ContextLoader            : Root WebApplicationContext: initialization completed in 1381 ms
2021-06-03 11:28:16.121  INFO 20571 --- [main] j.LocalContainerEntityManagerFactoryBean : Initialized JPA EntityManagerFactory for persistence unit 'default'
2021-06-03 11:28:17.205  INFO 20571 --- [main] o.s.s.concurrent.ThreadPoolTaskExecutor  : Initializing ExecutorService 'applicationTaskExecutor'
2021-06-03 11:28:17.284  INFO 20571 --- [main] o.s.b.a.w.s.WelcomePageHandlerMapping    : Adding welcome page template: index
2021-06-03 11:28:17.443  INFO 20571 --- [main] o.s.b.w.embedded.tomcat.TomcatWebServer  : Tomcat started on port(s): 8080 (http) with context path ''
2021-06-03 11:28:17.446  INFO 20571 --- [main] c.s.important_info.Important_Info        : Started Important_Info in 4.991 seconds (JVM running for 5.96)
2021-06-03 11:28:20.116  INFO 20571 --- [http-nio-8080-exec-1] o.s.web.servlet.DispatcherServlet        : Initializing Servlet 'dispatcherServlet'
2021-06-03 11:28:20.122  INFO 20571 --- [http-nio-8080-exec-1] o.s.web.servlet.DispatcherServlet        : Completed initialization in 6 ms
2021-06-03 11:30:04.343  INFO 20620 --- [main] c.s.important_info.Important_Info        : Starting Important_Info on rhetts-Mac-Pro-3.local with PID 20620 (/Users/rhettherring/IdeaProjects/important_info/target/classes started by rhettherring in /Users/rhettherring/IdeaProjects/important_info)
2021-06-03 11:30:04.345  INFO 20620 --- [main] c.s.important_info.Important_Info        : The following profiles are active: dev
2021-06-03 11:30:05.028  INFO 20620 --- [main] .s.d.r.c.RepositoryConfigurationDelegate : Bootstrapping Spring Data JPA repositories in DEFAULT mode.
2021-06-03 11:30:05.212  INFO 20620 --- [main] .s.d.r.c.RepositoryConfigurationDelegate : Finished Spring Data repository scanning in 175ms. Found 21 JPA repository interfaces.
2021-06-03 11:30:05.525  INFO 20620 --- [main] trationDelegate$BeanPostProcessorChecker : Bean 'org.springframework.transaction.annotation.ProxyTransactionManagementConfiguration' of type [org.springframework.transaction.annotation.ProxyTransactionManagementConfiguration] is not eligible for getting processed by all BeanPostProcessors (for example: not eligible for auto-proxying)
2021-06-03 11:30:05.723  INFO 20620 --- [main] o.s.b.w.embedded.tomcat.TomcatWebServer  : Tomcat initialized with port(s): 8080 (http)
2021-06-03 11:30:05.844  INFO 20620 --- [main] o.s.web.context.ContextLoader            : Root WebApplicationContext: initialization completed in 1450 ms
2021-06-03 11:30:07.709  INFO 20620 --- [main] j.LocalContainerEntityManagerFactoryBean : Initialized JPA EntityManagerFactory for persistence unit 'default'
2021-06-03 11:30:08.917  INFO 20620 --- [main] o.s.s.concurrent.ThreadPoolTaskExecutor  : Initializing ExecutorService 'applicationTaskExecutor'
2021-06-03 11:30:09.003  INFO 20620 --- [main] o.s.b.a.w.s.WelcomePageHandlerMapping    : Adding welcome page template: index
2021-06-03 11:30:09.178  INFO 20620 --- [main] o.s.b.w.embedded.tomcat.TomcatWebServer  : Tomcat started on port(s): 8080 (http) with context path ''
2021-06-03 11:30:09.181  INFO 20620 --- [main] c.s.important_info.Important_Info        : Started Important_Info in 5.148 seconds (JVM running for 5.828)
2021-06-03 11:30:11.396  INFO 20620 --- [http-nio-8080-exec-1] o.s.web.servlet.DispatcherServlet        : Initializing Servlet 'dispatcherServlet'
2021-06-03 11:30:11.403  INFO 20620 --- [http-nio-8080-exec-1] o.s.web.servlet.DispatcherServlet        : Completed initialization in 6 ms
